\BOOKMARK [1][-]{section.1}{\376\377\225\356\230\230\221\315\217\360}{}% 1
\BOOKMARK [1][-]{section.2}{\376\377\225\356\230\230\122\006\147\220\116\016\200\314\146\157\116\313\176\315}{}% 2
\BOOKMARK [2][-]{subsection.2.1}{\376\377\225\356\230\230\122\006\147\220}{section.2}% 3
\BOOKMARK [2][-]{subsection.2.2}{\376\377\200\314\146\157\116\313\176\315}{section.2}% 4
\BOOKMARK [1][-]{section.3}{\376\377\000M\000e\000d\000i\000a\000c\000h\000a\000i\000n\121\103\145\160\143\156\123\072\127\127\224\376\152\041\127\213}{}% 5
\BOOKMARK [2][-]{subsection.3.1}{\376\377\000M\000e\000d\000i\000a\000c\000h\000a\000i\000n\152\041\127\213\176\374\217\360}{section.3}% 6
\BOOKMARK [2][-]{subsection.3.2}{\376\377\000P\000u\000b\000l\000i\000s\000h\000e\000r\000\040\000I\000D\166\204\165\037\142\020\116\016\000H\000a\000s\000h\173\227\154\325}{section.3}% 7
\BOOKMARK [3][-]{subsubsection.3.2.1}{\376\377\124\310\136\014\210\150}{subsection.3.2}% 8
\BOOKMARK [3][-]{subsubsection.3.2.2}{\376\377\000S\000H\000A\000-\0002\0005\0006\173\227\154\325}{subsection.3.2}% 9
\BOOKMARK [3][-]{subsubsection.3.2.3}{\376\377\121\154\224\245\166\204\165\037\142\020\040\023\133\371\136\224\116\216\000P\000u\000b\000l\000i\000s\000h\000e\000r\000\040\000I\000D}{subsection.3.2}% 10
\BOOKMARK [2][-]{subsection.3.3}{\376\377\000E\000C\000D\000H\127\213\145\160\133\127\173\176\124\015}{section.3}% 11
\BOOKMARK [2][-]{subsection.3.4}{\376\377\000M\000e\000d\000i\000a\000c\000h\000a\000i\000n\147\072\122\066\213\346\211\343}{section.3}% 12
\BOOKMARK [2][-]{subsection.3.5}{\376\377\000I\000P\000F\000S\122\006\136\003\137\017\145\207\116\366\174\373\176\337}{section.3}% 13
\BOOKMARK [1][-]{section.4}{\376\377\000I\000P\000T\000C\167\345\213\306\116\247\147\103\116\244\146\023\152\041\127\213}{}% 14
\BOOKMARK [2][-]{subsection.4.1}{\376\377\152\041\127\213\176\374\217\360}{section.4}% 15
\BOOKMARK [3][-]{subsubsection.4.1.1}{\376\377\167\345\213\306\116\247\147\103\116\244\146\023\224\376\152\041\127\213\151\202\211\310}{subsection.4.1}% 16
\BOOKMARK [3][-]{subsubsection.4.1.2}{\376\377\213\260\137\125\116\016\213\260\137\125\213\367\154\102}{subsection.4.1}% 17
\BOOKMARK [3][-]{subsubsection.4.1.3}{\376\377\147\015\122\241\125\106}{subsection.4.1}% 18
\BOOKMARK [3][-]{subsubsection.4.1.4}{\376\377\123\072\127\127\122\033\136\372\116\016\155\373\122\240}{subsection.4.1}% 19
\BOOKMARK [3][-]{subsubsection.4.1.5}{\376\377\165\050\142\067\172\357}{subsection.4.1}% 20
\BOOKMARK [3][-]{subsubsection.4.1.6}{\376\377\152\041\127\213\176\323\147\204}{subsection.4.1}% 21
\BOOKMARK [2][-]{subsection.4.2}{\376\377\213\260\137\125\165\037\142\020}{section.4}% 22
\BOOKMARK [3][-]{subsubsection.4.2.1}{\376\377\154\350\121\214\213\260\137\125\377\010\000R\000T\377\011}{subsection.4.2}% 23
\BOOKMARK [3][-]{subsubsection.4.2.2}{\376\377\143\210\147\103\213\260\137\125\377\010\000A\000T\377\011}{subsection.4.2}% 24
\BOOKMARK [3][-]{subsubsection.4.2.3}{\376\377\145\057\116\330\213\260\137\125\377\010\000P\000T\377\011}{subsection.4.2}% 25
\BOOKMARK [2][-]{subsection.4.3}{\376\377\147\011\145\110\140\047\150\300\232\214}{section.4}% 26
\BOOKMARK [3][-]{subsubsection.4.3.1}{\376\377\154\350\121\214\213\260\137\125\377\010\000R\000T\377\011}{subsection.4.3}% 27
\BOOKMARK [3][-]{subsubsection.4.3.2}{\376\377\143\210\147\103\213\260\137\125\377\010\000A\000T\377\011}{subsection.4.3}% 28
\BOOKMARK [3][-]{subsubsection.4.3.3}{\376\377\145\057\116\330\213\260\137\125\377\010\000P\000T\377\011}{subsection.4.3}% 29
\BOOKMARK [2][-]{subsection.4.4}{\376\377\000I\000P\000F\000S\122\006\136\003\137\017\145\207\116\366\133\130\120\250\174\373\176\337}{section.4}% 30
\BOOKMARK [3][-]{subsubsection.4.4.1}{\376\377\000M\000e\000r\000k\000l\000e\147\011\124\021\145\340\163\257\126\376}{subsection.4.4}% 31
\BOOKMARK [3][-]{subsubsection.4.4.2}{\376\377\000B\000i\000t\000S\000w\000a\000p\145\160\143\156\117\040\217\223\123\117\213\256}{subsection.4.4}% 32
\BOOKMARK [3][-]{subsubsection.4.4.3}{\376\377\123\357\210\114\140\047\122\006\147\220}{subsection.4.4}% 33
\BOOKMARK [2][-]{subsection.4.5}{\376\377\000D\000P\000o\000S\121\161\213\306\147\072\122\066}{section.4}% 34
\BOOKMARK [2][-]{subsection.4.6}{\376\377\000I\000P\000T\000C\123\072\127\127\165\037\142\020}{section.4}% 35
\BOOKMARK [2][-]{subsection.4.7}{\376\377\000S\000P\000V\137\353\220\037\145\057\116\330\232\214\213\301}{section.4}% 36
\BOOKMARK [3][-]{subsubsection.4.7.1}{\376\377\116\044\171\315\232\214\213\301\145\271\137\017}{subsection.4.7}% 37
\BOOKMARK [3][-]{subsubsection.4.7.2}{\376\377\127\372\116\216\000b\000l\000o\000c\000k\000\040\000h\000e\000a\000d\000e\000r\166\204\000S\000P\000V}{subsection.4.7}% 38
\BOOKMARK [3][-]{subsubsection.4.7.3}{\376\377\000S\000P\000V\117\030\123\026}{subsection.4.7}% 39
\BOOKMARK [1][-]{section.5}{\376\377\140\073\176\323}{}% 40
\BOOKMARK [2][-]{subsection.5.1}{\376\377\000I\000P\000F\000S\000-\000M\000e\000d\000i\000a\000c\000h\000a\000i\000n\121\103\145\160\143\156\123\072\127\127\224\376\152\041\127\213}{section.5}% 41
\BOOKMARK [2][-]{subsection.5.2}{\376\377\000I\000P\000T\000C\000-\167\345\213\306\116\247\147\103\116\244\146\023\152\041\127\213}{section.5}% 42
\BOOKMARK [2][-]{subsection.5.3}{\376\377\177\072\226\167\116\016\116\015\215\263}{section.5}% 43
